{"F:\\XimeOficial\\Patrones\\lab-2025-i-pds-u2-03-nest-ximena-ortiz\\payment\\libs\\domain\\src\\cash-payment-strategy.ts": {"path":"F:\\XimeOficial\\Patrones\\lab-2025-i-pds-u2-03-nest-ximena-ortiz\\payment\\libs\\domain\\src\\cash-payment-strategy.ts","statementMap":{"0":{"start":{"line":4,"column":8},"end":{"line":4,"column":64}},"1":{"start":{"line":5,"column":8},"end":{"line":5,"column":20}},"2":{"start":{"line":2,"column":0},"end":{"line":2,"column":13}}},"fnMap":{"0":{"name":"(anonymous_0)","decl":{"start":{"line":3,"column":11},"end":{"line":3,"column":14}},"loc":{"start":{"line":3,"column":29},"end":{"line":6,"column":5}}}},"branchMap":{},"s":{"0":1,"1":1,"2":1},"f":{"0":1},"b":{}}
,"F:\\XimeOficial\\Patrones\\lab-2025-i-pds-u2-03-nest-ximena-ortiz\\payment\\libs\\domain\\src\\credit-card-payment-strategy.ts": {"path":"F:\\XimeOficial\\Patrones\\lab-2025-i-pds-u2-03-nest-ximena-ortiz\\payment\\libs\\domain\\src\\credit-card-payment-strategy.ts","statementMap":{"0":{"start":{"line":4,"column":8},"end":{"line":4,"column":74}},"1":{"start":{"line":5,"column":8},"end":{"line":5,"column":20}},"2":{"start":{"line":2,"column":0},"end":{"line":2,"column":13}}},"fnMap":{"0":{"name":"(anonymous_0)","decl":{"start":{"line":3,"column":11},"end":{"line":3,"column":14}},"loc":{"start":{"line":3,"column":29},"end":{"line":6,"column":5}}}},"branchMap":{},"s":{"0":1,"1":1,"2":1},"f":{"0":1},"b":{}}
,"F:\\XimeOficial\\Patrones\\lab-2025-i-pds-u2-03-nest-ximena-ortiz\\payment\\libs\\domain\\src\\debit-card-payment-strategy.ts": {"path":"F:\\XimeOficial\\Patrones\\lab-2025-i-pds-u2-03-nest-ximena-ortiz\\payment\\libs\\domain\\src\\debit-card-payment-strategy.ts","statementMap":{"0":{"start":{"line":4,"column":8},"end":{"line":4,"column":73}},"1":{"start":{"line":5,"column":8},"end":{"line":5,"column":20}},"2":{"start":{"line":2,"column":0},"end":{"line":2,"column":13}}},"fnMap":{"0":{"name":"(anonymous_0)","decl":{"start":{"line":3,"column":11},"end":{"line":3,"column":14}},"loc":{"start":{"line":3,"column":29},"end":{"line":6,"column":5}}}},"branchMap":{},"s":{"0":1,"1":1,"2":1},"f":{"0":1},"b":{}}
,"F:\\XimeOficial\\Patrones\\lab-2025-i-pds-u2-03-nest-ximena-ortiz\\payment\\libs\\domain\\src\\domain.module.ts": {"path":"F:\\XimeOficial\\Patrones\\lab-2025-i-pds-u2-03-nest-ximena-ortiz\\payment\\libs\\domain\\src\\domain.module.ts","statementMap":{"0":{"start":{"line":1,"column":0},"end":{"line":1,"column":40}},"1":{"start":{"line":2,"column":0},"end":{"line":2,"column":49}},"2":{"start":{"line":8,"column":7},"end":{"line":8,"column":null}},"3":{"start":{"line":8,"column":13},"end":{"line":8,"column":25}},"4":{"start":{"line":8,"column":13},"end":{"line":8,"column":null}}},"fnMap":{},"branchMap":{},"s":{"0":0,"1":0,"2":0,"3":0,"4":0},"f":{},"b":{}}
,"F:\\XimeOficial\\Patrones\\lab-2025-i-pds-u2-03-nest-ximena-ortiz\\payment\\libs\\domain\\src\\domain.service.ts": {"path":"F:\\XimeOficial\\Patrones\\lab-2025-i-pds-u2-03-nest-ximena-ortiz\\payment\\libs\\domain\\src\\domain.service.ts","statementMap":{"0":{"start":{"line":1,"column":0},"end":{"line":1,"column":44}},"1":{"start":{"line":4,"column":7},"end":{"line":4,"column":null}},"2":{"start":{"line":4,"column":13},"end":{"line":4,"column":26}},"3":{"start":{"line":4,"column":13},"end":{"line":4,"column":null}}},"fnMap":{},"branchMap":{},"s":{"0":0,"1":0,"2":0,"3":0},"f":{},"b":{}}
,"F:\\XimeOficial\\Patrones\\lab-2025-i-pds-u2-03-nest-ximena-ortiz\\payment\\libs\\domain\\src\\index.ts": {"path":"F:\\XimeOficial\\Patrones\\lab-2025-i-pds-u2-03-nest-ximena-ortiz\\payment\\libs\\domain\\src\\index.ts","statementMap":{"0":{"start":{"line":1,"column":0},"end":{"line":1,"column":32}},"1":{"start":{"line":2,"column":0},"end":{"line":2,"column":33}}},"fnMap":{},"branchMap":{},"s":{"0":0,"1":0},"f":{},"b":{}}
,"F:\\XimeOficial\\Patrones\\lab-2025-i-pds-u2-03-nest-ximena-ortiz\\payment\\libs\\domain\\src\\payment-context.ts": {"path":"F:\\XimeOficial\\Patrones\\lab-2025-i-pds-u2-03-nest-ximena-ortiz\\payment\\libs\\domain\\src\\payment-context.ts","statementMap":{"0":{"start":{"line":9,"column":8},"end":{"line":9,"column":40}},"1":{"start":{"line":14,"column":8},"end":{"line":14,"column":48}},"2":{"start":{"line":2,"column":0},"end":{"line":2,"column":13}}},"fnMap":{"0":{"name":"(anonymous_0)","decl":{"start":{"line":8,"column":11},"end":{"line":8,"column":29}},"loc":{"start":{"line":8,"column":56},"end":{"line":10,"column":5}}},"1":{"name":"(anonymous_1)","decl":{"start":{"line":13,"column":11},"end":{"line":13,"column":14}},"loc":{"start":{"line":13,"column":29},"end":{"line":15,"column":5}}}},"branchMap":{},"s":{"0":3,"1":3,"2":1},"f":{"0":3,"1":3},"b":{}}
,"F:\\XimeOficial\\Patrones\\lab-2025-i-pds-u2-03-nest-ximena-ortiz\\payment\\libs\\domain\\src\\payment-service.ts": {"path":"F:\\XimeOficial\\Patrones\\lab-2025-i-pds-u2-03-nest-ximena-ortiz\\payment\\libs\\domain\\src\\payment-service.ts","statementMap":{"0":{"start":{"line":1,"column":0},"end":{"line":1,"column":62}},"1":{"start":{"line":2,"column":0},"end":{"line":2,"column":75}},"2":{"start":{"line":3,"column":0},"end":{"line":3,"column":73}},"3":{"start":{"line":4,"column":0},"end":{"line":4,"column":51}},"4":{"start":{"line":8,"column":24},"end":{"line":8,"column":44}},"5":{"start":{"line":9,"column":8},"end":{"line":20,"column":9}},"6":{"start":{"line":10,"column":12},"end":{"line":10,"column":72}},"7":{"start":{"line":12,"column":13},"end":{"line":20,"column":9}},"8":{"start":{"line":13,"column":12},"end":{"line":13,"column":71}},"9":{"start":{"line":15,"column":13},"end":{"line":20,"column":9}},"10":{"start":{"line":16,"column":12},"end":{"line":16,"column":66}},"11":{"start":{"line":19,"column":12},"end":{"line":19,"column":68}},"12":{"start":{"line":22,"column":8},"end":{"line":22,"column":35}},"13":{"start":{"line":5,"column":0},"end":{"line":5,"column":13}},"14":{"start":{"line":26,"column":0},"end":{"line":26,"column":null}},"15":{"start":{"line":27,"column":4},"end":{"line":27,"column":null}},"16":{"start":{"line":28,"column":4},"end":{"line":28,"column":null}},"17":{"start":{"line":29,"column":4},"end":{"line":29,"column":null}}},"fnMap":{"0":{"name":"(anonymous_0)","decl":{"start":{"line":6,"column":11},"end":{"line":6,"column":25}},"loc":{"start":{"line":6,"column":69},"end":{"line":23,"column":5}}},"1":{"name":"(anonymous_1)","decl":{"start":{"line":26,"column":0},"end":{"line":26,"column":12}},"loc":{"start":{"line":26,"column":23},"end":{"line":30,"column":1}}}},"branchMap":{"0":{"loc":{"start":{"line":9,"column":8},"end":{"line":20,"column":9}},"type":"if","locations":[{"start":{"line":9,"column":8},"end":{"line":20,"column":9}},{"start":{"line":12,"column":13},"end":{"line":20,"column":9}}]},"1":{"loc":{"start":{"line":12,"column":13},"end":{"line":20,"column":9}},"type":"if","locations":[{"start":{"line":12,"column":13},"end":{"line":20,"column":9}},{"start":{"line":15,"column":13},"end":{"line":20,"column":9}}]},"2":{"loc":{"start":{"line":15,"column":13},"end":{"line":20,"column":9}},"type":"if","locations":[{"start":{"line":15,"column":13},"end":{"line":20,"column":9}},{"start":{"line":18,"column":13},"end":{"line":20,"column":9}}]},"3":{"loc":{"start":{"line":26,"column":12},"end":{"line":26,"column":null}},"type":"binary-expr","locations":[{"start":{"line":26,"column":12},"end":{"line":26,"column":23}},{"start":{"line":26,"column":23},"end":{"line":26,"column":null}}]}},"s":{"0":1,"1":1,"2":1,"3":1,"4":4,"5":4,"6":1,"7":3,"8":1,"9":2,"10":1,"11":1,"12":3,"13":1,"14":1,"15":1,"16":1,"17":1},"f":{"0":4,"1":1},"b":{"0":[1,3],"1":[1,2],"2":[1,1],"3":[1,1]}}
,"F:\\XimeOficial\\Patrones\\lab-2025-i-pds-u2-03-nest-ximena-ortiz\\payment\\src\\app.controller.ts": {"path":"F:\\XimeOficial\\Patrones\\lab-2025-i-pds-u2-03-nest-ximena-ortiz\\payment\\src\\app.controller.ts","statementMap":{"0":{"start":{"line":1,"column":0},"end":{"line":1,"column":49}},"1":{"start":{"line":2,"column":0},"end":{"line":2,"column":43}},"2":{"start":{"line":5,"column":7},"end":{"line":12,"column":null}},"3":{"start":{"line":6,"column":31},"end":{"line":6,"column":43}},"4":{"start":{"line":10,"column":4},"end":{"line":10,"column":38}},"5":{"start":{"line":5,"column":13},"end":{"line":5,"column":26}},"6":{"start":{"line":9,"column":2},"end":{"line":11,"column":null}},"7":{"start":{"line":5,"column":13},"end":{"line":12,"column":null}}},"fnMap":{"0":{"name":"(anonymous_2)","decl":{"start":{"line":6,"column":2},"end":{"line":6,"column":31}},"loc":{"start":{"line":6,"column":53},"end":{"line":6,"column":57}}},"1":{"name":"(anonymous_3)","decl":{"start":{"line":9,"column":2},"end":{"line":9,"column":10}},"loc":{"start":{"line":9,"column":10},"end":{"line":11,"column":3}}}},"branchMap":{},"s":{"0":1,"1":1,"2":1,"3":1,"4":1,"5":1,"6":1,"7":1},"f":{"0":1,"1":1},"b":{}}
,"F:\\XimeOficial\\Patrones\\lab-2025-i-pds-u2-03-nest-ximena-ortiz\\payment\\src\\app.module.ts": {"path":"F:\\XimeOficial\\Patrones\\lab-2025-i-pds-u2-03-nest-ximena-ortiz\\payment\\src\\app.module.ts","statementMap":{"0":{"start":{"line":1,"column":0},"end":{"line":1,"column":40}},"1":{"start":{"line":2,"column":0},"end":{"line":2,"column":49}},"2":{"start":{"line":3,"column":0},"end":{"line":3,"column":43}},"3":{"start":{"line":10,"column":7},"end":{"line":10,"column":null}},"4":{"start":{"line":10,"column":13},"end":{"line":10,"column":22}},"5":{"start":{"line":10,"column":13},"end":{"line":10,"column":null}}},"fnMap":{},"branchMap":{},"s":{"0":0,"1":0,"2":0,"3":0,"4":0,"5":0},"f":{},"b":{}}
,"F:\\XimeOficial\\Patrones\\lab-2025-i-pds-u2-03-nest-ximena-ortiz\\payment\\src\\app.service.ts": {"path":"F:\\XimeOficial\\Patrones\\lab-2025-i-pds-u2-03-nest-ximena-ortiz\\payment\\src\\app.service.ts","statementMap":{"0":{"start":{"line":1,"column":0},"end":{"line":1,"column":44}},"1":{"start":{"line":4,"column":7},"end":{"line":8,"column":null}},"2":{"start":{"line":6,"column":4},"end":{"line":6,"column":26}},"3":{"start":{"line":4,"column":13},"end":{"line":4,"column":23}},"4":{"start":{"line":4,"column":13},"end":{"line":8,"column":null}}},"fnMap":{"0":{"name":"(anonymous_1)","decl":{"start":{"line":5,"column":2},"end":{"line":5,"column":10}},"loc":{"start":{"line":5,"column":10},"end":{"line":7,"column":3}}}},"branchMap":{},"s":{"0":1,"1":1,"2":1,"3":1,"4":1},"f":{"0":1},"b":{}}
,"F:\\XimeOficial\\Patrones\\lab-2025-i-pds-u2-03-nest-ximena-ortiz\\payment\\src\\main.ts": {"path":"F:\\XimeOficial\\Patrones\\lab-2025-i-pds-u2-03-nest-ximena-ortiz\\payment\\src\\main.ts","statementMap":{"0":{"start":{"line":1,"column":0},"end":{"line":1,"column":43}},"1":{"start":{"line":2,"column":0},"end":{"line":2,"column":41}},"2":{"start":{"line":5,"column":14},"end":{"line":5,"column":49}},"3":{"start":{"line":6,"column":2},"end":{"line":6,"column":45}},"4":{"start":{"line":8,"column":0},"end":{"line":8,"column":12}}},"fnMap":{"0":{"name":"bootstrap","decl":{"start":{"line":4,"column":15},"end":{"line":4,"column":24}},"loc":{"start":{"line":4,"column":24},"end":{"line":7,"column":1}}}},"branchMap":{"0":{"loc":{"start":{"line":6,"column":19},"end":{"line":6,"column":43}},"type":"binary-expr","locations":[{"start":{"line":6,"column":19},"end":{"line":6,"column":35}},{"start":{"line":6,"column":39},"end":{"line":6,"column":43}}]}},"s":{"0":0,"1":0,"2":0,"3":0,"4":0},"f":{"0":0},"b":{"0":[0,0]}}
}
