<?xml version="1.0" encoding="UTF-8"?>
<coverage generated="1747542644991" clover="3.2.0">
  <project timestamp="1747542644991" name="All files">
    <metrics statements="44" coveredstatements="26" conditionals="4" coveredconditionals="0" methods="13" coveredmethods="12" elements="61" coveredelements="38" complexity="0" loc="44" ncloc="44" packages="2" files="11" classes="11"/>
    <package name="libs.domain.src">
      <metrics statements="26" coveredstatements="17" conditionals="2" coveredconditionals="0" methods="9" coveredmethods="9"/>
      <file name="account.ts" path="F:\XimeOficial\Patrones\lab-2025-i-pds-u2-03-nest-ximena-ortiz\atm\libs\domain\src\account.ts">
        <metrics statements="8" coveredstatements="6" conditionals="2" coveredconditionals="0" methods="3" coveredmethods="3"/>
        <line num="1" count="1" type="stmt"/>
        <line num="2" count="2" type="stmt"/>
        <line num="7" count="1" type="cond" truecount="0" falsecount="1"/>
        <line num="8" count="0" type="stmt"/>
        <line num="9" count="1" type="stmt"/>
        <line num="12" count="1" type="cond" truecount="0" falsecount="1"/>
        <line num="13" count="0" type="stmt"/>
        <line num="14" count="1" type="stmt"/>
      </file>
      <file name="atm.ts" path="F:\XimeOficial\Patrones\lab-2025-i-pds-u2-03-nest-ximena-ortiz\atm\libs\domain\src\atm.ts">
        <metrics statements="3" coveredstatements="3" conditionals="0" coveredconditionals="0" methods="2" coveredmethods="2"/>
        <line num="3" count="1" type="stmt"/>
        <line num="6" count="2" type="stmt"/>
        <line num="9" count="2" type="stmt"/>
      </file>
      <file name="deposit-command.ts" path="F:\XimeOficial\Patrones\lab-2025-i-pds-u2-03-nest-ximena-ortiz\atm\libs\domain\src\deposit-command.ts">
        <metrics statements="4" coveredstatements="4" conditionals="0" coveredconditionals="0" methods="2" coveredmethods="2"/>
        <line num="4" count="1" type="stmt"/>
        <line num="9" count="1" type="stmt"/>
        <line num="10" count="1" type="stmt"/>
        <line num="13" count="1" type="stmt"/>
      </file>
      <file name="domain.module.ts" path="F:\XimeOficial\Patrones\lab-2025-i-pds-u2-03-nest-ximena-ortiz\atm\libs\domain\src\domain.module.ts">
        <metrics statements="3" coveredstatements="0" conditionals="0" coveredconditionals="0" methods="0" coveredmethods="0"/>
        <line num="1" count="0" type="stmt"/>
        <line num="2" count="0" type="stmt"/>
        <line num="8" count="0" type="stmt"/>
      </file>
      <file name="domain.service.ts" path="F:\XimeOficial\Patrones\lab-2025-i-pds-u2-03-nest-ximena-ortiz\atm\libs\domain\src\domain.service.ts">
        <metrics statements="2" coveredstatements="0" conditionals="0" coveredconditionals="0" methods="0" coveredmethods="0"/>
        <line num="1" count="0" type="stmt"/>
        <line num="4" count="0" type="stmt"/>
      </file>
      <file name="index.ts" path="F:\XimeOficial\Patrones\lab-2025-i-pds-u2-03-nest-ximena-ortiz\atm\libs\domain\src\index.ts">
        <metrics statements="2" coveredstatements="0" conditionals="0" coveredconditionals="0" methods="0" coveredmethods="0"/>
        <line num="1" count="0" type="stmt"/>
        <line num="2" count="0" type="stmt"/>
      </file>
      <file name="withdraw-command.ts" path="F:\XimeOficial\Patrones\lab-2025-i-pds-u2-03-nest-ximena-ortiz\atm\libs\domain\src\withdraw-command.ts">
        <metrics statements="4" coveredstatements="4" conditionals="0" coveredconditionals="0" methods="2" coveredmethods="2"/>
        <line num="4" count="1" type="stmt"/>
        <line num="9" count="1" type="stmt"/>
        <line num="10" count="1" type="stmt"/>
        <line num="13" count="1" type="stmt"/>
      </file>
    </package>
    <package name="src">
      <metrics statements="18" coveredstatements="9" conditionals="2" coveredconditionals="0" methods="4" coveredmethods="3"/>
      <file name="app.controller.ts" path="F:\XimeOficial\Patrones\lab-2025-i-pds-u2-03-nest-ximena-ortiz\atm\src\app.controller.ts">
        <metrics statements="6" coveredstatements="6" conditionals="0" coveredconditionals="0" methods="2" coveredmethods="2"/>
        <line num="1" count="1" type="stmt"/>
        <line num="2" count="1" type="stmt"/>
        <line num="5" count="1" type="stmt"/>
        <line num="6" count="1" type="stmt"/>
        <line num="9" count="1" type="stmt"/>
        <line num="10" count="1" type="stmt"/>
      </file>
      <file name="app.module.ts" path="F:\XimeOficial\Patrones\lab-2025-i-pds-u2-03-nest-ximena-ortiz\atm\src\app.module.ts">
        <metrics statements="4" coveredstatements="0" conditionals="0" coveredconditionals="0" methods="0" coveredmethods="0"/>
        <line num="1" count="0" type="stmt"/>
        <line num="2" count="0" type="stmt"/>
        <line num="3" count="0" type="stmt"/>
        <line num="10" count="0" type="stmt"/>
      </file>
      <file name="app.service.ts" path="F:\XimeOficial\Patrones\lab-2025-i-pds-u2-03-nest-ximena-ortiz\atm\src\app.service.ts">
        <metrics statements="3" coveredstatements="3" conditionals="0" coveredconditionals="0" methods="1" coveredmethods="1"/>
        <line num="1" count="1" type="stmt"/>
        <line num="4" count="1" type="stmt"/>
        <line num="6" count="1" type="stmt"/>
      </file>
      <file name="main.ts" path="F:\XimeOficial\Patrones\lab-2025-i-pds-u2-03-nest-ximena-ortiz\atm\src\main.ts">
        <metrics statements="5" coveredstatements="0" conditionals="2" coveredconditionals="0" methods="1" coveredmethods="0"/>
        <line num="1" count="0" type="stmt"/>
        <line num="2" count="0" type="stmt"/>
        <line num="5" count="0" type="stmt"/>
        <line num="6" count="0" type="cond" truecount="0" falsecount="2"/>
        <line num="8" count="0" type="stmt"/>
      </file>
    </package>
  </project>
</coverage>
