{"F:\\XimeOficial\\Patrones\\lab-2025-i-pds-u2-03-nest-ximena-ortiz\\atm\\libs\\domain\\src\\account.ts": {"path":"F:\\XimeOficial\\Patrones\\lab-2025-i-pds-u2-03-nest-ximena-ortiz\\atm\\libs\\domain\\src\\account.ts","statementMap":{"0":{"start":{"line":2,"column":9},"end":{"line":2,"column":42}},"1":{"start":{"line":7,"column":4},"end":{"line":8,"column":67}},"2":{"start":{"line":8,"column":6},"end":{"line":8,"column":67}},"3":{"start":{"line":9,"column":4},"end":{"line":9,"column":34}},"4":{"start":{"line":12,"column":4},"end":{"line":13,"column":75}},"5":{"start":{"line":13,"column":6},"end":{"line":13,"column":75}},"6":{"start":{"line":14,"column":4},"end":{"line":14,"column":34}},"7":{"start":{"line":1,"column":0},"end":{"line":1,"column":13}}},"fnMap":{"0":{"name":"(anonymous_0)","decl":{"start":{"line":1,"column":0},"end":{"line":1,"column":13}},"loc":{"start":{"line":1,"column":0},"end":{"line":16,"column":1}}},"1":{"name":"(anonymous_1)","decl":{"start":{"line":6,"column":9},"end":{"line":6,"column":17}},"loc":{"start":{"line":6,"column":32},"end":{"line":10,"column":3}}},"2":{"name":"(anonymous_2)","decl":{"start":{"line":11,"column":9},"end":{"line":11,"column":16}},"loc":{"start":{"line":11,"column":31},"end":{"line":15,"column":3}}}},"branchMap":{"0":{"loc":{"start":{"line":7,"column":4},"end":{"line":8,"column":67}},"type":"if","locations":[{"start":{"line":7,"column":4},"end":{"line":8,"column":67}}]},"1":{"loc":{"start":{"line":12,"column":4},"end":{"line":13,"column":75}},"type":"if","locations":[{"start":{"line":12,"column":4},"end":{"line":13,"column":75}}]}},"s":{"0":2,"1":1,"2":0,"3":1,"4":1,"5":0,"6":1,"7":1},"f":{"0":2,"1":1,"2":1},"b":{"0":[0],"1":[0]}}
,"F:\\XimeOficial\\Patrones\\lab-2025-i-pds-u2-03-nest-ximena-ortiz\\atm\\libs\\domain\\src\\atm.ts": {"path":"F:\\XimeOficial\\Patrones\\lab-2025-i-pds-u2-03-nest-ximena-ortiz\\atm\\libs\\domain\\src\\atm.ts","statementMap":{"0":{"start":{"line":6,"column":8},"end":{"line":6,"column":32}},"1":{"start":{"line":9,"column":8},"end":{"line":9,"column":32}},"2":{"start":{"line":3,"column":0},"end":{"line":3,"column":13}}},"fnMap":{"0":{"name":"(anonymous_0)","decl":{"start":{"line":5,"column":4},"end":{"line":5,"column":16}},"loc":{"start":{"line":5,"column":33},"end":{"line":7,"column":5}}},"1":{"name":"(anonymous_1)","decl":{"start":{"line":8,"column":11},"end":{"line":8,"column":17}},"loc":{"start":{"line":8,"column":17},"end":{"line":10,"column":5}}}},"branchMap":{},"s":{"0":2,"1":2,"2":1},"f":{"0":2,"1":2},"b":{}}
,"F:\\XimeOficial\\Patrones\\lab-2025-i-pds-u2-03-nest-ximena-ortiz\\atm\\libs\\domain\\src\\deposit-command.ts": {"path":"F:\\XimeOficial\\Patrones\\lab-2025-i-pds-u2-03-nest-ximena-ortiz\\atm\\libs\\domain\\src\\deposit-command.ts","statementMap":{"0":{"start":{"line":9,"column":8},"end":{"line":9,"column":32}},"1":{"start":{"line":10,"column":8},"end":{"line":10,"column":30}},"2":{"start":{"line":13,"column":8},"end":{"line":13,"column":44}},"3":{"start":{"line":4,"column":0},"end":{"line":4,"column":13}}},"fnMap":{"0":{"name":"(anonymous_0)","decl":{"start":{"line":8,"column":4},"end":{"line":8,"column":16}},"loc":{"start":{"line":8,"column":48},"end":{"line":11,"column":5}}},"1":{"name":"(anonymous_1)","decl":{"start":{"line":12,"column":4},"end":{"line":12,"column":11}},"loc":{"start":{"line":12,"column":11},"end":{"line":14,"column":5}}}},"branchMap":{},"s":{"0":1,"1":1,"2":1,"3":1},"f":{"0":1,"1":1},"b":{}}
,"F:\\XimeOficial\\Patrones\\lab-2025-i-pds-u2-03-nest-ximena-ortiz\\atm\\libs\\domain\\src\\domain.module.ts": {"path":"F:\\XimeOficial\\Patrones\\lab-2025-i-pds-u2-03-nest-ximena-ortiz\\atm\\libs\\domain\\src\\domain.module.ts","statementMap":{"0":{"start":{"line":1,"column":0},"end":{"line":1,"column":40}},"1":{"start":{"line":2,"column":0},"end":{"line":2,"column":49}},"2":{"start":{"line":8,"column":7},"end":{"line":8,"column":null}},"3":{"start":{"line":8,"column":13},"end":{"line":8,"column":25}},"4":{"start":{"line":8,"column":13},"end":{"line":8,"column":null}}},"fnMap":{},"branchMap":{},"s":{"0":0,"1":0,"2":0,"3":0,"4":0},"f":{},"b":{}}
,"F:\\XimeOficial\\Patrones\\lab-2025-i-pds-u2-03-nest-ximena-ortiz\\atm\\libs\\domain\\src\\domain.service.ts": {"path":"F:\\XimeOficial\\Patrones\\lab-2025-i-pds-u2-03-nest-ximena-ortiz\\atm\\libs\\domain\\src\\domain.service.ts","statementMap":{"0":{"start":{"line":1,"column":0},"end":{"line":1,"column":44}},"1":{"start":{"line":4,"column":7},"end":{"line":4,"column":null}},"2":{"start":{"line":4,"column":13},"end":{"line":4,"column":26}},"3":{"start":{"line":4,"column":13},"end":{"line":4,"column":null}}},"fnMap":{},"branchMap":{},"s":{"0":0,"1":0,"2":0,"3":0},"f":{},"b":{}}
,"F:\\XimeOficial\\Patrones\\lab-2025-i-pds-u2-03-nest-ximena-ortiz\\atm\\libs\\domain\\src\\index.ts": {"path":"F:\\XimeOficial\\Patrones\\lab-2025-i-pds-u2-03-nest-ximena-ortiz\\atm\\libs\\domain\\src\\index.ts","statementMap":{"0":{"start":{"line":1,"column":0},"end":{"line":1,"column":32}},"1":{"start":{"line":2,"column":0},"end":{"line":2,"column":33}}},"fnMap":{},"branchMap":{},"s":{"0":0,"1":0},"f":{},"b":{}}
,"F:\\XimeOficial\\Patrones\\lab-2025-i-pds-u2-03-nest-ximena-ortiz\\atm\\libs\\domain\\src\\withdraw-command.ts": {"path":"F:\\XimeOficial\\Patrones\\lab-2025-i-pds-u2-03-nest-ximena-ortiz\\atm\\libs\\domain\\src\\withdraw-command.ts","statementMap":{"0":{"start":{"line":9,"column":8},"end":{"line":9,"column":32}},"1":{"start":{"line":10,"column":8},"end":{"line":10,"column":30}},"2":{"start":{"line":13,"column":8},"end":{"line":13,"column":45}},"3":{"start":{"line":4,"column":0},"end":{"line":4,"column":13}}},"fnMap":{"0":{"name":"(anonymous_0)","decl":{"start":{"line":8,"column":4},"end":{"line":8,"column":16}},"loc":{"start":{"line":8,"column":48},"end":{"line":11,"column":5}}},"1":{"name":"(anonymous_1)","decl":{"start":{"line":12,"column":4},"end":{"line":12,"column":11}},"loc":{"start":{"line":12,"column":11},"end":{"line":14,"column":5}}}},"branchMap":{},"s":{"0":1,"1":1,"2":1,"3":1},"f":{"0":1,"1":1},"b":{}}
,"F:\\XimeOficial\\Patrones\\lab-2025-i-pds-u2-03-nest-ximena-ortiz\\atm\\src\\app.controller.ts": {"path":"F:\\XimeOficial\\Patrones\\lab-2025-i-pds-u2-03-nest-ximena-ortiz\\atm\\src\\app.controller.ts","statementMap":{"0":{"start":{"line":1,"column":0},"end":{"line":1,"column":49}},"1":{"start":{"line":2,"column":0},"end":{"line":2,"column":43}},"2":{"start":{"line":5,"column":7},"end":{"line":12,"column":null}},"3":{"start":{"line":6,"column":31},"end":{"line":6,"column":43}},"4":{"start":{"line":10,"column":4},"end":{"line":10,"column":38}},"5":{"start":{"line":5,"column":13},"end":{"line":5,"column":26}},"6":{"start":{"line":9,"column":2},"end":{"line":11,"column":null}},"7":{"start":{"line":5,"column":13},"end":{"line":12,"column":null}}},"fnMap":{"0":{"name":"(anonymous_2)","decl":{"start":{"line":6,"column":2},"end":{"line":6,"column":31}},"loc":{"start":{"line":6,"column":53},"end":{"line":6,"column":57}}},"1":{"name":"(anonymous_3)","decl":{"start":{"line":9,"column":2},"end":{"line":9,"column":10}},"loc":{"start":{"line":9,"column":10},"end":{"line":11,"column":3}}}},"branchMap":{},"s":{"0":1,"1":1,"2":1,"3":1,"4":1,"5":1,"6":1,"7":1},"f":{"0":1,"1":1},"b":{}}
,"F:\\XimeOficial\\Patrones\\lab-2025-i-pds-u2-03-nest-ximena-ortiz\\atm\\src\\app.module.ts": {"path":"F:\\XimeOficial\\Patrones\\lab-2025-i-pds-u2-03-nest-ximena-ortiz\\atm\\src\\app.module.ts","statementMap":{"0":{"start":{"line":1,"column":0},"end":{"line":1,"column":40}},"1":{"start":{"line":2,"column":0},"end":{"line":2,"column":49}},"2":{"start":{"line":3,"column":0},"end":{"line":3,"column":43}},"3":{"start":{"line":10,"column":7},"end":{"line":10,"column":null}},"4":{"start":{"line":10,"column":13},"end":{"line":10,"column":22}},"5":{"start":{"line":10,"column":13},"end":{"line":10,"column":null}}},"fnMap":{},"branchMap":{},"s":{"0":0,"1":0,"2":0,"3":0,"4":0,"5":0},"f":{},"b":{}}
,"F:\\XimeOficial\\Patrones\\lab-2025-i-pds-u2-03-nest-ximena-ortiz\\atm\\src\\app.service.ts": {"path":"F:\\XimeOficial\\Patrones\\lab-2025-i-pds-u2-03-nest-ximena-ortiz\\atm\\src\\app.service.ts","statementMap":{"0":{"start":{"line":1,"column":0},"end":{"line":1,"column":44}},"1":{"start":{"line":4,"column":7},"end":{"line":8,"column":null}},"2":{"start":{"line":6,"column":4},"end":{"line":6,"column":26}},"3":{"start":{"line":4,"column":13},"end":{"line":4,"column":23}},"4":{"start":{"line":4,"column":13},"end":{"line":8,"column":null}}},"fnMap":{"0":{"name":"(anonymous_1)","decl":{"start":{"line":5,"column":2},"end":{"line":5,"column":10}},"loc":{"start":{"line":5,"column":10},"end":{"line":7,"column":3}}}},"branchMap":{},"s":{"0":1,"1":1,"2":1,"3":1,"4":1},"f":{"0":1},"b":{}}
,"F:\\XimeOficial\\Patrones\\lab-2025-i-pds-u2-03-nest-ximena-ortiz\\atm\\src\\main.ts": {"path":"F:\\XimeOficial\\Patrones\\lab-2025-i-pds-u2-03-nest-ximena-ortiz\\atm\\src\\main.ts","statementMap":{"0":{"start":{"line":1,"column":0},"end":{"line":1,"column":43}},"1":{"start":{"line":2,"column":0},"end":{"line":2,"column":41}},"2":{"start":{"line":5,"column":14},"end":{"line":5,"column":49}},"3":{"start":{"line":6,"column":2},"end":{"line":6,"column":45}},"4":{"start":{"line":8,"column":0},"end":{"line":8,"column":12}}},"fnMap":{"0":{"name":"bootstrap","decl":{"start":{"line":4,"column":15},"end":{"line":4,"column":24}},"loc":{"start":{"line":4,"column":24},"end":{"line":7,"column":1}}}},"branchMap":{"0":{"loc":{"start":{"line":6,"column":19},"end":{"line":6,"column":43}},"type":"binary-expr","locations":[{"start":{"line":6,"column":19},"end":{"line":6,"column":35}},{"start":{"line":6,"column":39},"end":{"line":6,"column":43}}]}},"s":{"0":0,"1":0,"2":0,"3":0,"4":0},"f":{"0":0},"b":{"0":[0,0]}}
}
